<?xml version="1.0" encoding="UTF-8"?>
<testsuite name="com.liverary.book.springboot.domain.posts.ReadingRepositoryTest" tests="1" skipped="0" failures="0" errors="0" timestamp="2022-02-09T08:33:11" hostname="LYVA" time="0.062">
  <properties/>
  <testcase name="게시글저장_불러오기" classname="com.liverary.book.springboot.domain.posts.ReadingRepositoryTest" time="0.062"/>
  <system-out><![CDATA[2022-02-09 17:33:11.076  INFO 25960 --- [    Test worker] .b.t.c.SpringBootTestContextBootstrapper : Neither @ContextConfiguration nor @ContextHierarchy found for test class [com.liverary.book.springboot.domain.posts.ReadingRepositoryTest], using SpringBootContextLoader
2022-02-09 17:33:11.078  INFO 25960 --- [    Test worker] o.s.t.c.support.AbstractContextLoader    : Could not detect default resource locations for test class [com.liverary.book.springboot.domain.posts.ReadingRepositoryTest]: no resource found for suffixes {-context.xml, Context.groovy}.
2022-02-09 17:33:11.078  INFO 25960 --- [    Test worker] t.c.s.AnnotationConfigContextLoaderUtils : Could not detect default configuration classes for test class [com.liverary.book.springboot.domain.posts.ReadingRepositoryTest]: ReadingRepositoryTest does not declare any static, non-private, non-final, nested classes annotated with @Configuration.
2022-02-09 17:33:11.091  INFO 25960 --- [    Test worker] .b.t.c.SpringBootTestContextBootstrapper : Found @SpringBootConfiguration com.liverary.book.springboot.Application for test class com.liverary.book.springboot.domain.posts.ReadingRepositoryTest
2022-02-09 17:33:11.094  INFO 25960 --- [    Test worker] .b.t.c.SpringBootTestContextBootstrapper : Loaded default TestExecutionListener class names from location [META-INF/spring.factories]: [org.springframework.boot.test.autoconfigure.restdocs.RestDocsTestExecutionListener, org.springframework.boot.test.autoconfigure.web.client.MockRestServiceServerResetTestExecutionListener, org.springframework.boot.test.autoconfigure.web.servlet.MockMvcPrintOnlyOnFailureTestExecutionListener, org.springframework.boot.test.autoconfigure.web.servlet.WebDriverTestExecutionListener, org.springframework.boot.test.mock.mockito.MockitoTestExecutionListener, org.springframework.boot.test.mock.mockito.ResetMocksTestExecutionListener, org.springframework.test.context.web.ServletTestExecutionListener, org.springframework.test.context.support.DirtiesContextBeforeModesTestExecutionListener, org.springframework.test.context.support.DependencyInjectionTestExecutionListener, org.springframework.test.context.support.DirtiesContextTestExecutionListener, org.springframework.test.context.transaction.TransactionalTestExecutionListener, org.springframework.test.context.jdbc.SqlScriptsTestExecutionListener]
2022-02-09 17:33:11.094  INFO 25960 --- [    Test worker] .b.t.c.SpringBootTestContextBootstrapper : Using TestExecutionListeners: [org.springframework.test.context.web.ServletTestExecutionListener@84d2bfc, org.springframework.test.context.support.DirtiesContextBeforeModesTestExecutionListener@3c77919, org.springframework.boot.test.mock.mockito.MockitoTestExecutionListener@4922d326, org.springframework.boot.test.autoconfigure.SpringBootDependencyInjectionTestExecutionListener@69f32a9e, org.springframework.test.context.support.DirtiesContextTestExecutionListener@800ee97, org.springframework.test.context.transaction.TransactionalTestExecutionListener@3037513f, org.springframework.test.context.jdbc.SqlScriptsTestExecutionListener@6fd30ffc, org.springframework.boot.test.autoconfigure.restdocs.RestDocsTestExecutionListener@1f047f42, org.springframework.boot.test.autoconfigure.web.client.MockRestServiceServerResetTestExecutionListener@107f5e63, org.springframework.boot.test.autoconfigure.web.servlet.MockMvcPrintOnlyOnFailureTestExecutionListener@1a4b4bfa, org.springframework.boot.test.autoconfigure.web.servlet.WebDriverTestExecutionListener@6d101ba0, org.springframework.boot.test.mock.mockito.ResetMocksTestExecutionListener@51d2872f]
Hibernate: insert into reading (book_key, book_report, current_page, is_written_book_report, score, user_key) values (?, ?, ?, ?, ?, ?)
Hibernate: select reading0_.reading_key as reading_1_1_, reading0_.book_key as book_key6_1_, reading0_.book_report as book_rep2_1_, reading0_.current_page as current_3_1_, reading0_.is_written_book_report as is_writt4_1_, reading0_.score as score5_1_, reading0_.user_key as user_key7_1_ from reading reading0_
Hibernate: select reading0_.reading_key as reading_1_1_, reading0_.book_key as book_key6_1_, reading0_.book_report as book_rep2_1_, reading0_.current_page as current_3_1_, reading0_.is_written_book_report as is_writt4_1_, reading0_.score as score5_1_, reading0_.user_key as user_key7_1_ from reading reading0_
Hibernate: delete from reading where reading_key=?
]]></system-out>
  <system-err><![CDATA[]]></system-err>
</testsuite>
