<?xml version="1.0" encoding="UTF-8"?>
<testsuite name="com.liverary.book.springboot.domain.BookRepositoryTest" tests="2" skipped="0" failures="0" errors="0" timestamp="2022-02-09T08:33:10" hostname="LYVA" time="0.658">
  <properties/>
  <testcase name="저장된책_불러오기" classname="com.liverary.book.springboot.domain.BookRepositoryTest" time="0.634"/>
  <testcase name="BaseTimeEntity_등록" classname="com.liverary.book.springboot.domain.BookRepositoryTest" time="0.023"/>
  <system-out><![CDATA[17:32:56.188 [Test worker] DEBUG org.springframework.test.context.junit4.SpringJUnit4ClassRunner - SpringJUnit4ClassRunner constructor called with [class com.liverary.book.springboot.domain.BookRepositoryTest]
17:32:56.206 [Test worker] DEBUG org.springframework.test.context.BootstrapUtils - Instantiating CacheAwareContextLoaderDelegate from class [org.springframework.test.context.cache.DefaultCacheAwareContextLoaderDelegate]
17:32:56.229 [Test worker] DEBUG org.springframework.test.context.BootstrapUtils - Instantiating BootstrapContext using constructor [public org.springframework.test.context.support.DefaultBootstrapContext(java.lang.Class,org.springframework.test.context.CacheAwareContextLoaderDelegate)]
17:32:56.275 [Test worker] DEBUG org.springframework.test.context.BootstrapUtils - Instantiating TestContextBootstrapper for test class [com.liverary.book.springboot.domain.BookRepositoryTest] from class [org.springframework.boot.test.context.SpringBootTestContextBootstrapper]
17:32:56.313 [Test worker] INFO org.springframework.boot.test.context.SpringBootTestContextBootstrapper - Neither @ContextConfiguration nor @ContextHierarchy found for test class [com.liverary.book.springboot.domain.BookRepositoryTest], using SpringBootContextLoader
17:32:56.325 [Test worker] DEBUG org.springframework.test.context.support.AbstractContextLoader - Did not detect default resource location for test class [com.liverary.book.springboot.domain.BookRepositoryTest]: class path resource [com/liverary/book/springboot/domain/BookRepositoryTest-context.xml] does not exist
17:32:56.327 [Test worker] DEBUG org.springframework.test.context.support.AbstractContextLoader - Did not detect default resource location for test class [com.liverary.book.springboot.domain.BookRepositoryTest]: class path resource [com/liverary/book/springboot/domain/BookRepositoryTestContext.groovy] does not exist
17:32:56.327 [Test worker] INFO org.springframework.test.context.support.AbstractContextLoader - Could not detect default resource locations for test class [com.liverary.book.springboot.domain.BookRepositoryTest]: no resource found for suffixes {-context.xml, Context.groovy}.
17:32:56.329 [Test worker] INFO org.springframework.test.context.support.AnnotationConfigContextLoaderUtils - Could not detect default configuration classes for test class [com.liverary.book.springboot.domain.BookRepositoryTest]: BookRepositoryTest does not declare any static, non-private, non-final, nested classes annotated with @Configuration.
17:32:56.441 [Test worker] DEBUG org.springframework.test.context.support.ActiveProfilesUtils - Could not find an 'annotation declaring class' for annotation type [org.springframework.test.context.ActiveProfiles] and class [com.liverary.book.springboot.domain.BookRepositoryTest]
17:32:56.635 [Test worker] DEBUG org.springframework.context.annotation.ClassPathScanningCandidateComponentProvider - Identified candidate component class: file [C:\Users\jieon\Desktop\dong\build\classes\java\main\com\liverary\book\springboot\Application.class]
17:32:56.638 [Test worker] INFO org.springframework.boot.test.context.SpringBootTestContextBootstrapper - Found @SpringBootConfiguration com.liverary.book.springboot.Application for test class com.liverary.book.springboot.domain.BookRepositoryTest
17:32:56.935 [Test worker] DEBUG org.springframework.boot.test.context.SpringBootTestContextBootstrapper - @TestExecutionListeners is not present for class [com.liverary.book.springboot.domain.BookRepositoryTest]: using defaults.
17:32:56.936 [Test worker] INFO org.springframework.boot.test.context.SpringBootTestContextBootstrapper - Loaded default TestExecutionListener class names from location [META-INF/spring.factories]: [org.springframework.boot.test.autoconfigure.restdocs.RestDocsTestExecutionListener, org.springframework.boot.test.autoconfigure.web.client.MockRestServiceServerResetTestExecutionListener, org.springframework.boot.test.autoconfigure.web.servlet.MockMvcPrintOnlyOnFailureTestExecutionListener, org.springframework.boot.test.autoconfigure.web.servlet.WebDriverTestExecutionListener, org.springframework.boot.test.mock.mockito.MockitoTestExecutionListener, org.springframework.boot.test.mock.mockito.ResetMocksTestExecutionListener, org.springframework.test.context.web.ServletTestExecutionListener, org.springframework.test.context.support.DirtiesContextBeforeModesTestExecutionListener, org.springframework.test.context.support.DependencyInjectionTestExecutionListener, org.springframework.test.context.support.DirtiesContextTestExecutionListener, org.springframework.test.context.transaction.TransactionalTestExecutionListener, org.springframework.test.context.jdbc.SqlScriptsTestExecutionListener]
17:32:56.978 [Test worker] INFO org.springframework.boot.test.context.SpringBootTestContextBootstrapper - Using TestExecutionListeners: [org.springframework.test.context.web.ServletTestExecutionListener@d43421a, org.springframework.test.context.support.DirtiesContextBeforeModesTestExecutionListener@366527b3, org.springframework.boot.test.mock.mockito.MockitoTestExecutionListener@6466cd5e, org.springframework.boot.test.autoconfigure.SpringBootDependencyInjectionTestExecutionListener@63287f7, org.springframework.test.context.support.DirtiesContextTestExecutionListener@11f646b9, org.springframework.test.context.transaction.TransactionalTestExecutionListener@e31b38b, org.springframework.test.context.jdbc.SqlScriptsTestExecutionListener@5cef832e, org.springframework.boot.test.autoconfigure.restdocs.RestDocsTestExecutionListener@4e70aa7b, org.springframework.boot.test.autoconfigure.web.client.MockRestServiceServerResetTestExecutionListener@6d90ee82, org.springframework.boot.test.autoconfigure.web.servlet.MockMvcPrintOnlyOnFailureTestExecutionListener@6ebea550, org.springframework.boot.test.autoconfigure.web.servlet.WebDriverTestExecutionListener@4ee8bd5a, org.springframework.boot.test.mock.mockito.ResetMocksTestExecutionListener@500e58e]
17:32:56.986 [Test worker] DEBUG org.springframework.test.annotation.ProfileValueUtils - Retrieved @ProfileValueSourceConfiguration [null] for test class [com.liverary.book.springboot.domain.BookRepositoryTest]
17:32:56.987 [Test worker] DEBUG org.springframework.test.annotation.ProfileValueUtils - Retrieved ProfileValueSource type [class org.springframework.test.annotation.SystemProfileValueSource] for class [com.liverary.book.springboot.domain.BookRepositoryTest]
17:32:56.989 [Test worker] DEBUG org.springframework.test.annotation.ProfileValueUtils - Retrieved @ProfileValueSourceConfiguration [null] for test class [com.liverary.book.springboot.domain.BookRepositoryTest]
17:32:56.989 [Test worker] DEBUG org.springframework.test.annotation.ProfileValueUtils - Retrieved ProfileValueSource type [class org.springframework.test.annotation.SystemProfileValueSource] for class [com.liverary.book.springboot.domain.BookRepositoryTest]
17:32:57.000 [Test worker] DEBUG org.springframework.test.context.support.AbstractDirtiesContextTestExecutionListener - Before test class: context [DefaultTestContext@20764b1b testClass = BookRepositoryTest, testInstance = [null], testMethod = [null], testException = [null], mergedContextConfiguration = [WebMergedContextConfiguration@2c145d6e testClass = BookRepositoryTest, locations = '{}', classes = '{class com.liverary.book.springboot.Application}', contextInitializerClasses = '[]', activeProfiles = '{}', propertySourceLocations = '{}', propertySourceProperties = '{org.springframework.boot.test.context.SpringBootTestContextBootstrapper=true}', contextCustomizers = set[org.springframework.boot.test.autoconfigure.properties.PropertyMappingContextCustomizer@0, org.springframework.boot.test.autoconfigure.web.servlet.WebDriverContextCustomizerFactory$Customizer@703406f8, org.springframework.boot.test.context.filter.ExcludeFilterContextCustomizer@4a0aca70, org.springframework.boot.test.json.DuplicateJsonObjectContextCustomizerFactory$DuplicateJsonObjectContextCustomizer@3ab78f01, org.springframework.boot.test.mock.mockito.MockitoContextCustomizer@0, org.springframework.boot.test.web.client.TestRestTemplateContextCustomizer@2e9bbc8a], resourceBasePath = 'src/main/webapp', contextLoader = 'org.springframework.boot.test.context.SpringBootContextLoader', parent = [null]], attributes = map['org.springframework.test.context.web.ServletTestExecutionListener.activateListener' -> true]], class annotated with @DirtiesContext [false] with mode [null].
17:32:57.002 [Test worker] DEBUG org.springframework.test.annotation.ProfileValueUtils - Retrieved @ProfileValueSourceConfiguration [null] for test class [com.liverary.book.springboot.domain.BookRepositoryTest]
17:32:57.002 [Test worker] DEBUG org.springframework.test.annotation.ProfileValueUtils - Retrieved ProfileValueSource type [class org.springframework.test.annotation.SystemProfileValueSource] for class [com.liverary.book.springboot.domain.BookRepositoryTest]
17:32:57.056 [Test worker] DEBUG org.springframework.test.context.support.TestPropertySourceUtils - Adding inlined properties to environment: {spring.jmx.enabled=false, org.springframework.boot.test.context.SpringBootTestContextBootstrapper=true, server.port=-1}

  .   ____          _            __ _ _
 /\\ / ___'_ __ _ _(_)_ __  __ _ \ \ \ \
( ( )\___ | '_ | '_| | '_ \/ _` | \ \ \ \
 \\/  ___)| |_)| | | | | || (_| |  ) ) ) )
  '  |____| .__|_| |_|_| |_\__, | / / / /
 =========|_|==============|___/=/_/_/_/
 :: Spring Boot ::        (v2.1.9.RELEASE)

2022-02-09 17:32:57.796  INFO 25960 --- [    Test worker] c.l.b.s.domain.BookRepositoryTest        : Starting BookRepositoryTest on LyvA with PID 25960 (started by jieon in C:\Users\jieon\Desktop\dong)
2022-02-09 17:32:57.798  INFO 25960 --- [    Test worker] c.l.b.s.domain.BookRepositoryTest        : The following profiles are active: google
2022-02-09 17:32:59.837  INFO 25960 --- [    Test worker] .s.d.r.c.RepositoryConfigurationDelegate : Bootstrapping Spring Data repositories in DEFAULT mode.
2022-02-09 17:33:00.043  INFO 25960 --- [    Test worker] .s.d.r.c.RepositoryConfigurationDelegate : Finished Spring Data repository scanning in 187ms. Found 3 repository interfaces.
2022-02-09 17:33:01.181  INFO 25960 --- [    Test worker] trationDelegate$BeanPostProcessorChecker : Bean 'org.springframework.transaction.annotation.ProxyTransactionManagementConfiguration' of type [org.springframework.transaction.annotation.ProxyTransactionManagementConfiguration$$EnhancerBySpringCGLIB$$7c95482a] is not eligible for getting processed by all BeanPostProcessors (for example: not eligible for auto-proxying)
2022-02-09 17:33:01.741  INFO 25960 --- [    Test worker] o.hibernate.jpa.internal.util.LogHelper  : HHH000204: Processing PersistenceUnitInfo [
	name: default
	...]
2022-02-09 17:33:01.927  INFO 25960 --- [    Test worker] org.hibernate.Version                    : HHH000412: Hibernate Core {5.3.12.Final}
2022-02-09 17:33:01.932  INFO 25960 --- [    Test worker] org.hibernate.cfg.Environment            : HHH000206: hibernate.properties not found
2022-02-09 17:33:02.321  INFO 25960 --- [    Test worker] o.hibernate.annotations.common.Version   : HCANN000001: Hibernate Commons Annotations {5.0.4.Final}
2022-02-09 17:33:02.663  INFO 25960 --- [    Test worker] com.zaxxer.hikari.HikariDataSource       : HikariPool-1 - Starting...
2022-02-09 17:33:02.937  INFO 25960 --- [    Test worker] com.zaxxer.hikari.HikariDataSource       : HikariPool-1 - Start completed.
2022-02-09 17:33:02.980  INFO 25960 --- [    Test worker] org.hibernate.dialect.Dialect            : HHH000400: Using dialect: org.hibernate.dialect.MySQL5InnoDBDialect
Hibernate: alter table reading drop foreign key FKrfxatjjy0cq4evwbly5gj89u8
Hibernate: alter table reading drop foreign key FKkj9r4htvigtimsgqakcfyt88c
Hibernate: drop table if exists book
Hibernate: drop table if exists reading
Hibernate: drop table if exists user
Hibernate: create table book (book_key bigint not null auto_increment, created_date datetime, modified_date datetime, author varchar(500) not null, book_content TEXT not null, book_cover varchar(500) not null, book_intro varchar(500) not null, country varchar(255), published_date date not null, publisher varchar(500) not null, title varchar(500) not null, total_page integer not null, primary key (book_key)) engine=InnoDB
Hibernate: create table reading (reading_key bigint not null auto_increment, book_report varchar(100), current_page integer not null, is_written_book_report integer not null, score integer not null, book_key bigint, user_key bigint, primary key (reading_key)) engine=InnoDB
Hibernate: create table user (user_key bigint not null auto_increment, created_date datetime, modified_date datetime, email varchar(500) not null, role varchar(255), primary key (user_key)) engine=InnoDB
Hibernate: alter table reading add constraint KEYS_UNIQUE unique (book_key, user_key)
Hibernate: alter table reading add constraint FKrfxatjjy0cq4evwbly5gj89u8 foreign key (book_key) references book (book_key)
Hibernate: alter table reading add constraint FKkj9r4htvigtimsgqakcfyt88c foreign key (user_key) references user (user_key)
2022-02-09 17:33:05.055  INFO 25960 --- [    Test worker] o.h.t.schema.internal.SchemaCreatorImpl  : HHH000476: Executing import script 'org.hibernate.tool.schema.internal.exec.ScriptSourceInputNonExistentImpl@1402e7f0'
2022-02-09 17:33:05.059  INFO 25960 --- [    Test worker] j.LocalContainerEntityManagerFactoryBean : Initialized JPA EntityManagerFactory for persistence unit 'default'
2022-02-09 17:33:06.258  INFO 25960 --- [    Test worker] o.h.h.i.QueryTranslatorFactoryInitiator  : HHH000397: Using ASTQueryTranslatorFactory
2022-02-09 17:33:07.242  INFO 25960 --- [    Test worker] o.s.s.web.DefaultSecurityFilterChain     : Creating filter chain: any request, [org.springframework.security.web.context.request.async.WebAsyncManagerIntegrationFilter@56d6700b, org.springframework.security.web.context.SecurityContextPersistenceFilter@5df5244f, org.springframework.security.web.header.HeaderWriterFilter@4ad9ab3f, org.springframework.security.web.authentication.logout.LogoutFilter@1ba451af, org.springframework.security.oauth2.client.web.OAuth2AuthorizationRequestRedirectFilter@4fa3838, org.springframework.security.oauth2.client.web.OAuth2LoginAuthenticationFilter@7f39b428, org.springframework.security.web.authentication.ui.DefaultLoginPageGeneratingFilter@5f99c91a, org.springframework.security.web.authentication.ui.DefaultLogoutPageGeneratingFilter@5a5a7427, org.springframework.security.web.savedrequest.RequestCacheAwareFilter@683e68b, org.springframework.security.web.servletapi.SecurityContextHolderAwareRequestFilter@5268d135, org.springframework.security.web.authentication.AnonymousAuthenticationFilter@5b77ea6e, org.springframework.security.web.session.SessionManagementFilter@287730c5, org.springframework.security.web.access.ExceptionTranslationFilter@7f0eae5d, org.springframework.security.web.access.intercept.FilterSecurityInterceptor@9a4ea68]
2022-02-09 17:33:08.570  INFO 25960 --- [    Test worker] o.s.s.concurrent.ThreadPoolTaskExecutor  : Initializing ExecutorService 'applicationTaskExecutor'
2022-02-09 17:33:08.698  WARN 25960 --- [    Test worker] aWebConfiguration$JpaWebMvcConfiguration : spring.jpa.open-in-view is enabled by default. Therefore, database queries may be performed during view rendering. Explicitly configure spring.jpa.open-in-view to disable this warning
2022-02-09 17:33:10.364  INFO 25960 --- [    Test worker] s.a.ScheduledAnnotationBeanPostProcessor : No TaskScheduler/ScheduledExecutorService bean found for scheduled processing
2022-02-09 17:33:10.382  INFO 25960 --- [    Test worker] c.l.b.s.domain.BookRepositoryTest        : Started BookRepositoryTest in 13.306 seconds (JVM running for 16.042)
Hibernate: insert into book (created_date, modified_date, author, book_content, book_cover, book_intro, country, published_date, publisher, title, total_page) values (?, ?, ?, ?, ?, ?, ?, ?, ?, ?, ?)
Hibernate: select book0_.book_key as book_key1_0_, book0_.created_date as created_2_0_, book0_.modified_date as modified3_0_, book0_.author as author4_0_, book0_.book_content as book_con5_0_, book0_.book_cover as book_cov6_0_, book0_.book_intro as book_int7_0_, book0_.country as country8_0_, book0_.published_date as publishe9_0_, book0_.publisher as publish10_0_, book0_.title as title11_0_, book0_.total_page as total_p12_0_ from book book0_
Hibernate: insert into book (created_date, modified_date, author, book_content, book_cover, book_intro, country, published_date, publisher, title, total_page) values (?, ?, ?, ?, ?, ?, ?, ?, ?, ?, ?)
Hibernate: select book0_.book_key as book_key1_0_, book0_.created_date as created_2_0_, book0_.modified_date as modified3_0_, book0_.author as author4_0_, book0_.book_content as book_con5_0_, book0_.book_cover as book_cov6_0_, book0_.book_intro as book_int7_0_, book0_.country as country8_0_, book0_.published_date as publishe9_0_, book0_.publisher as publish10_0_, book0_.title as title11_0_, book0_.total_page as total_p12_0_ from book book0_
>>>>> createDate=2022-02-09T17:33:11
]]></system-out>
  <system-err><![CDATA[]]></system-err>
</testsuite>
